android/app/build/intermediates/manifest_merge_blame_file/debug/manifest-merger-blame-debug-report.txt
1<?xml version="1.0" encoding="utf-8"?>
2<manifest xmlns:android="http://schemas.android.com/apk/res/android"
3    package="com.ussia.vendor"
4    android:versionCode="1"
5    android:versionName="1.0" >
6
7    <uses-sdk
8        android:minSdkVersion="21"
9        android:targetSdkVersion="33" />
10
11    <uses-permission android:name="android.permission.SYSTEM_ALERT_WINDOW" />
11-->src\main\AndroidManifest.xml:4:5-77
11-->src\main\AndroidManifest.xml:4:22-75
12    <uses-permission android:name="android.permission.INTERNET" />
12-->src\main\AndroidManifest.xml:3:5-67
12-->src\main\AndroidManifest.xml:3:22-64
13    <uses-permission android:name="android.permission.CAMERA" />
13-->src\main\AndroidManifest.xml:5:5-64
13-->src\main\AndroidManifest.xml:5:22-62
14    <uses-permission android:name="android.permission.READ_EXTERNAL_STORAGE" />
14-->src\main\AndroidManifest.xml:6:5-80
14-->src\main\AndroidManifest.xml:6:22-77
15    <uses-permission android:name="android.permission.WRITE_EXTERNAL_STORAGE" />
15-->src\main\AndroidManifest.xml:7:5-80
15-->src\main\AndroidManifest.xml:7:22-78
16    <uses-permission android:name="android.permission.POST_NOTIFICATIONS" />
16-->src\main\AndroidManifest.xml:8:5-76
16-->src\main\AndroidManifest.xml:8:22-74
17    <uses-permission android:name="android.permission.ACCESS_WIFI_STATE" />
17-->[com.facebook.flipper:flipper:0.125.0] AndroidManifest.xml:16:5-76
17-->[com.facebook.flipper:flipper:0.125.0] AndroidManifest.xml:16:22-73
18    <uses-permission android:name="android.permission.WAKE_LOCK" />
18-->[:react-native-firebase_database] AndroidManifest.xml:10:5-68
18-->[:react-native-firebase_database] AndroidManifest.xml:10:22-65
19    <uses-permission android:name="android.permission.ACCESS_NETWORK_STATE" />
19-->[:react-native-firebase_database] AndroidManifest.xml:11:5-79
19-->[:react-native-firebase_database] AndroidManifest.xml:11:22-76
20
21    <queries>
21-->[:react-native-image-crop-picker] AndroidManifest.xml:9:5-13:15
22        <intent>
22-->[:react-native-image-crop-picker] AndroidManifest.xml:10:9-12:18
23            <action android:name="android.media.action.IMAGE_CAPTURE" />
23-->[:react-native-image-crop-picker] AndroidManifest.xml:11:13-73
23-->[:react-native-image-crop-picker] AndroidManifest.xml:11:21-70
24        </intent>
25    </queries> <!-- Required by older versions of Google Play services to create IID tokens -->
26    <uses-permission android:name="com.google.android.c2dm.permission.RECEIVE" />
26-->[com.google.firebase:firebase-messaging:23.1.2] AndroidManifest.xml:28:5-82
26-->[com.google.firebase:firebase-messaging:23.1.2] AndroidManifest.xml:28:22-79
27
28    <application
28-->src\main\AndroidManifest.xml:10:5-29:19
29        android:name="com.ussia.vendor.MainApplication"
29-->src\main\AndroidManifest.xml:11:7-38
30        android:allowBackup="false"
30-->src\main\AndroidManifest.xml:15:7-34
31        android:appComponentFactory="androidx.core.app.CoreComponentFactory"
31-->[androidx.core:core:1.7.0] AndroidManifest.xml:24:18-86
32        android:debuggable="true"
33        android:icon="@mipmap/ic_launcher"
33-->src\main\AndroidManifest.xml:13:7-41
34        android:label="@string/app_name"
34-->src\main\AndroidManifest.xml:12:7-39
35        android:roundIcon="@mipmap/ic_launcher_round"
35-->src\main\AndroidManifest.xml:14:7-52
36        android:theme="@style/AppTheme"
36-->src\main\AndroidManifest.xml:16:7-38
37        android:usesCleartextTraffic="true" >
37-->src\debug\AndroidManifest.xml:8:9-44
38        <activity
38-->src\debug\AndroidManifest.xml:11:9-111
39            android:name="com.facebook.react.devsupport.DevSettingsActivity"
39-->src\debug\AndroidManifest.xml:11:19-83
40            android:exported="false" />
40-->src\debug\AndroidManifest.xml:11:84-108
41        <activity
41-->src\main\AndroidManifest.xml:17:7-28:18
42            android:name="com.ussia.vendor.MainActivity"
42-->src\main\AndroidManifest.xml:18:9-37
43            android:configChanges="keyboard|keyboardHidden|orientation|screenLayout|screenSize|smallestScreenSize|uiMode"
43-->src\main\AndroidManifest.xml:20:9-118
44            android:exported="true"
44-->src\main\AndroidManifest.xml:23:9-32
45            android:label="@string/app_name"
45-->src\main\AndroidManifest.xml:19:9-41
46            android:launchMode="singleTask"
46-->src\main\AndroidManifest.xml:21:9-40
47            android:windowSoftInputMode="adjustResize" >
47-->src\main\AndroidManifest.xml:22:9-51
48            <intent-filter>
48-->src\main\AndroidManifest.xml:24:9-27:25
49                <action android:name="android.intent.action.MAIN" />
49-->src\main\AndroidManifest.xml:25:13-65
49-->src\main\AndroidManifest.xml:25:21-62
50
51                <category android:name="android.intent.category.LAUNCHER" />
51-->src\main\AndroidManifest.xml:26:13-73
51-->src\main\AndroidManifest.xml:26:23-70
52            </intent-filter>
53        </activity>
54
55        <service
55-->[:react-native-firebase_messaging] AndroidManifest.xml:14:9-16:40
56            android:name="io.invertase.firebase.messaging.ReactNativeFirebaseMessagingHeadlessService"
56-->[:react-native-firebase_messaging] AndroidManifest.xml:15:13-103
57            android:exported="false" />
57-->[:react-native-firebase_messaging] AndroidManifest.xml:16:13-37
58        <service
58-->[:react-native-firebase_messaging] AndroidManifest.xml:17:9-23:19
59            android:name="io.invertase.firebase.messaging.ReactNativeFirebaseMessagingService"
59-->[:react-native-firebase_messaging] AndroidManifest.xml:18:13-95
60            android:exported="false" >
60-->[:react-native-firebase_messaging] AndroidManifest.xml:19:13-37
61            <intent-filter>
61-->[:react-native-firebase_messaging] AndroidManifest.xml:20:13-22:29
62                <action android:name="com.google.firebase.MESSAGING_EVENT" />
62-->[:react-native-firebase_messaging] AndroidManifest.xml:21:17-78
62-->[:react-native-firebase_messaging] AndroidManifest.xml:21:25-75
63            </intent-filter>
64        </service>
65
66        <receiver
66-->[:react-native-firebase_messaging] AndroidManifest.xml:25:9-32:20
67            android:name="io.invertase.firebase.messaging.ReactNativeFirebaseMessagingReceiver"
67-->[:react-native-firebase_messaging] AndroidManifest.xml:26:13-96
68            android:exported="true"
68-->[:react-native-firebase_messaging] AndroidManifest.xml:27:13-36
69            android:permission="com.google.android.c2dm.permission.SEND" >
69-->[:react-native-firebase_messaging] AndroidManifest.xml:28:13-73
70            <intent-filter>
70-->[:react-native-firebase_messaging] AndroidManifest.xml:29:13-31:29
71                <action android:name="com.google.android.c2dm.intent.RECEIVE" />
71-->[:react-native-firebase_messaging] AndroidManifest.xml:30:17-81
71-->[:react-native-firebase_messaging] AndroidManifest.xml:30:25-78
72            </intent-filter>
73        </receiver>
74
75        <meta-data
75-->[:react-native-firebase_messaging] AndroidManifest.xml:34:9-36:36
76            android:name="firebase_messaging_auto_init_enabled"
76-->[:react-native-firebase_messaging] AndroidManifest.xml:35:13-64
77            android:value="true" />
77-->[:react-native-firebase_messaging] AndroidManifest.xml:36:13-33
78        <meta-data
78-->[:react-native-firebase_messaging] AndroidManifest.xml:37:9-39:32
79            android:name="com.google.firebase.messaging.default_notification_channel_id"
79-->[:react-native-firebase_messaging] AndroidManifest.xml:38:13-89
80            android:value="" />
80-->[:react-native-firebase_messaging] AndroidManifest.xml:39:13-29
81        <meta-data
81-->[:react-native-firebase_messaging] AndroidManifest.xml:40:9-42:47
82            android:name="com.google.firebase.messaging.default_notification_color"
82-->[:react-native-firebase_messaging] AndroidManifest.xml:41:13-84
83            android:resource="@color/white" />
83-->[:react-native-firebase_messaging] AndroidManifest.xml:42:13-44
84        <meta-data
84-->[:react-native-firebase_app] AndroidManifest.xml:11:9-13:36
85            android:name="app_data_collection_default_enabled"
85-->[:react-native-firebase_app] AndroidManifest.xml:12:13-63
86            android:value="true" />
86-->[:react-native-firebase_app] AndroidManifest.xml:13:13-33
87
88        <service
88-->[:react-native-firebase_app] AndroidManifest.xml:15:9-23:19
89            android:name="com.google.firebase.components.ComponentDiscoveryService"
89-->[:react-native-firebase_app] AndroidManifest.xml:16:13-84
90            android:directBootAware="true"
90-->[:react-native-firebase_app] AndroidManifest.xml:17:13-43
91            android:exported="false" >
91-->[:react-native-firebase_app] AndroidManifest.xml:18:13-37
92            <meta-data
92-->[:react-native-firebase_app] AndroidManifest.xml:20:13-22:85
93                android:name="com.google.firebase.components:io.invertase.firebase.app.ReactNativeFirebaseAppRegistrar"
93-->[:react-native-firebase_app] AndroidManifest.xml:21:17-120
94                android:value="com.google.firebase.components.ComponentRegistrar" />
94-->[:react-native-firebase_app] AndroidManifest.xml:22:17-82
95            <meta-data
95-->[com.google.firebase:firebase-messaging:23.1.2] AndroidManifest.xml:55:13-57:85
96                android:name="com.google.firebase.components:com.google.firebase.messaging.FirebaseMessagingRegistrar"
96-->[com.google.firebase:firebase-messaging:23.1.2] AndroidManifest.xml:56:17-119
97                android:value="com.google.firebase.components.ComponentRegistrar" />
97-->[com.google.firebase:firebase-messaging:23.1.2] AndroidManifest.xml:57:17-82
98            <meta-data
98-->[com.google.firebase:firebase-database:20.1.0] AndroidManifest.xml:31:13-33:85
99                android:name="com.google.firebase.components:com.google.firebase.database.DatabaseRegistrar"
99-->[com.google.firebase:firebase-database:20.1.0] AndroidManifest.xml:32:17-109
100                android:value="com.google.firebase.components.ComponentRegistrar" />
100-->[com.google.firebase:firebase-database:20.1.0] AndroidManifest.xml:33:17-82
101            <meta-data
101-->[com.google.firebase:firebase-datatransport:18.1.7] AndroidManifest.xml:27:13-29:85
102                android:name="com.google.firebase.components:com.google.firebase.datatransport.TransportRegistrar"
102-->[com.google.firebase:firebase-datatransport:18.1.7] AndroidManifest.xml:28:17-115
103                android:value="com.google.firebase.components.ComponentRegistrar" />
103-->[com.google.firebase:firebase-datatransport:18.1.7] AndroidManifest.xml:29:17-82
104            <meta-data
104-->[com.google.firebase:firebase-installations:17.1.3] AndroidManifest.xml:17:13-19:85
105                android:name="com.google.firebase.components:com.google.firebase.installations.FirebaseInstallationsRegistrar"
105-->[com.google.firebase:firebase-installations:17.1.3] AndroidManifest.xml:18:17-127
106                android:value="com.google.firebase.components.ComponentRegistrar" />
106-->[com.google.firebase:firebase-installations:17.1.3] AndroidManifest.xml:19:17-82
107        </service>
108
109        <provider
109-->[:react-native-firebase_app] AndroidManifest.xml:25:9-29:38
110            android:name="io.invertase.firebase.app.ReactNativeFirebaseAppInitProvider"
110-->[:react-native-firebase_app] AndroidManifest.xml:26:13-88
111            android:authorities="com.ussia.vendor.reactnativefirebaseappinitprovider"
111-->[:react-native-firebase_app] AndroidManifest.xml:27:13-86
112            android:exported="false"
112-->[:react-native-firebase_app] AndroidManifest.xml:28:13-37
113            android:initOrder="99" />
113-->[:react-native-firebase_app] AndroidManifest.xml:29:13-35
114        <provider
114-->[:react-native-image-crop-picker] AndroidManifest.xml:18:9-26:20
115            android:name="com.reactnative.ivpusic.imagepicker.IvpusicImagePickerFileProvider"
115-->[:react-native-image-crop-picker] AndroidManifest.xml:19:13-94
116            android:authorities="com.ussia.vendor.provider"
116-->[:react-native-image-crop-picker] AndroidManifest.xml:20:13-60
117            android:exported="false"
117-->[:react-native-image-crop-picker] AndroidManifest.xml:21:13-37
118            android:grantUriPermissions="true" >
118-->[:react-native-image-crop-picker] AndroidManifest.xml:22:13-47
119            <meta-data
119-->[:react-native-image-crop-picker] AndroidManifest.xml:23:13-25:78
120                android:name="android.support.FILE_PROVIDER_PATHS"
120-->[:react-native-image-crop-picker] AndroidManifest.xml:24:17-67
121                android:resource="@xml/ivpusic_imagepicker_provider_paths" />
121-->[:react-native-image-crop-picker] AndroidManifest.xml:25:17-75
122        </provider>
123
124        <activity
124-->[:react-native-image-crop-picker] AndroidManifest.xml:28:9-30:72
125            android:name="com.yalantis.ucrop.UCropActivity"
125-->[:react-native-image-crop-picker] AndroidManifest.xml:29:13-60
126            android:theme="@style/Theme.AppCompat.Light.NoActionBar" />
126-->[:react-native-image-crop-picker] AndroidManifest.xml:30:13-69
127
128        <provider
128-->[:react-native-image-picker] AndroidManifest.xml:10:9-18:20
129            android:name="com.imagepicker.ImagePickerProvider"
129-->[:react-native-image-picker] AndroidManifest.xml:11:13-63
130            android:authorities="com.ussia.vendor.imagepickerprovider"
130-->[:react-native-image-picker] AndroidManifest.xml:12:13-71
131            android:exported="false"
131-->[:react-native-image-picker] AndroidManifest.xml:13:13-37
132            android:grantUriPermissions="true" >
132-->[:react-native-image-picker] AndroidManifest.xml:14:13-47
133            <meta-data
133-->[:react-native-image-crop-picker] AndroidManifest.xml:23:13-25:78
134                android:name="android.support.FILE_PROVIDER_PATHS"
134-->[:react-native-image-crop-picker] AndroidManifest.xml:24:17-67
135                android:resource="@xml/imagepicker_provider_paths" />
135-->[:react-native-image-crop-picker] AndroidManifest.xml:25:17-75
136        </provider>
137        <provider
137-->[:react-native-webview] AndroidManifest.xml:10:9-18:20
138            android:name="com.reactnativecommunity.webview.RNCWebViewFileProvider"
138-->[:react-native-webview] AndroidManifest.xml:11:13-83
139            android:authorities="com.ussia.vendor.fileprovider"
139-->[:react-native-webview] AndroidManifest.xml:12:13-64
140            android:exported="false"
140-->[:react-native-webview] AndroidManifest.xml:13:13-37
141            android:grantUriPermissions="true" >
141-->[:react-native-webview] AndroidManifest.xml:14:13-47
142            <meta-data
142-->[:react-native-image-crop-picker] AndroidManifest.xml:23:13-25:78
143                android:name="android.support.FILE_PROVIDER_PATHS"
143-->[:react-native-image-crop-picker] AndroidManifest.xml:24:17-67
144                android:resource="@xml/file_provider_paths" />
144-->[:react-native-image-crop-picker] AndroidManifest.xml:25:17-75
145        </provider>
146
147        <activity
147-->[com.google.android.gms:play-services-auth:20.3.0] AndroidManifest.xml:23:9-27:75
148            android:name="com.google.android.gms.auth.api.signin.internal.SignInHubActivity"
148-->[com.google.android.gms:play-services-auth:20.3.0] AndroidManifest.xml:24:13-93
149            android:excludeFromRecents="true"
149-->[com.google.android.gms:play-services-auth:20.3.0] AndroidManifest.xml:25:13-46
150            android:exported="false"
150-->[com.google.android.gms:play-services-auth:20.3.0] AndroidManifest.xml:26:13-37
151            android:theme="@android:style/Theme.Translucent.NoTitleBar" />
151-->[com.google.android.gms:play-services-auth:20.3.0] AndroidManifest.xml:27:13-72
152        <!--
153            Service handling Google Sign-In user revocation. For apps that do not integrate with
154            Google Sign-In, this service will never be started.
155        -->
156        <service
156-->[com.google.android.gms:play-services-auth:20.3.0] AndroidManifest.xml:33:9-37:51
157            android:name="com.google.android.gms.auth.api.signin.RevocationBoundService"
157-->[com.google.android.gms:play-services-auth:20.3.0] AndroidManifest.xml:34:13-89
158            android:exported="true"
158-->[com.google.android.gms:play-services-auth:20.3.0] AndroidManifest.xml:35:13-36
159            android:permission="com.google.android.gms.auth.api.signin.permission.REVOCATION_NOTIFICATION"
159-->[com.google.android.gms:play-services-auth:20.3.0] AndroidManifest.xml:36:13-107
160            android:visibleToInstantApps="true" />
160-->[com.google.android.gms:play-services-auth:20.3.0] AndroidManifest.xml:37:13-48
161
162        <receiver
162-->[com.google.firebase:firebase-messaging:23.1.2] AndroidManifest.xml:31:9-38:20
163            android:name="com.google.firebase.iid.FirebaseInstanceIdReceiver"
163-->[com.google.firebase:firebase-messaging:23.1.2] AndroidManifest.xml:32:13-78
164            android:exported="true"
164-->[com.google.firebase:firebase-messaging:23.1.2] AndroidManifest.xml:33:13-36
165            android:permission="com.google.android.c2dm.permission.SEND" >
165-->[com.google.firebase:firebase-messaging:23.1.2] AndroidManifest.xml:34:13-73
166            <intent-filter>
166-->[:react-native-firebase_messaging] AndroidManifest.xml:29:13-31:29
167                <action android:name="com.google.android.c2dm.intent.RECEIVE" />
167-->[:react-native-firebase_messaging] AndroidManifest.xml:30:17-81
167-->[:react-native-firebase_messaging] AndroidManifest.xml:30:25-78
168            </intent-filter>
169        </receiver>
170        <!--
171             FirebaseMessagingService performs security checks at runtime,
172             but set to not exported to explicitly avoid allowing another app to call it.
173        -->
174        <service
174-->[com.google.firebase:firebase-messaging:23.1.2] AndroidManifest.xml:44:9-51:19
175            android:name="com.google.firebase.messaging.FirebaseMessagingService"
175-->[com.google.firebase:firebase-messaging:23.1.2] AndroidManifest.xml:45:13-82
176            android:directBootAware="true"
176-->[com.google.firebase:firebase-messaging:23.1.2] AndroidManifest.xml:46:13-43
177            android:exported="false" >
177-->[com.google.firebase:firebase-messaging:23.1.2] AndroidManifest.xml:47:13-37
178            <intent-filter android:priority="-500" >
178-->[:react-native-firebase_messaging] AndroidManifest.xml:20:13-22:29
179                <action android:name="com.google.firebase.MESSAGING_EVENT" />
179-->[:react-native-firebase_messaging] AndroidManifest.xml:21:17-78
179-->[:react-native-firebase_messaging] AndroidManifest.xml:21:25-75
180            </intent-filter>
181        </service>
182
183        <activity
183-->[com.google.android.gms:play-services-base:18.0.1] AndroidManifest.xml:20:9-22:45
184            android:name="com.google.android.gms.common.api.GoogleApiActivity"
184-->[com.google.android.gms:play-services-base:18.0.1] AndroidManifest.xml:20:19-85
185            android:exported="false"
185-->[com.google.android.gms:play-services-base:18.0.1] AndroidManifest.xml:22:19-43
186            android:theme="@android:style/Theme.Translucent.NoTitleBar" />
186-->[com.google.android.gms:play-services-base:18.0.1] AndroidManifest.xml:21:19-78
187
188        <provider
188-->[com.google.firebase:firebase-common:20.3.2] AndroidManifest.xml:25:9-30:39
189            android:name="com.google.firebase.provider.FirebaseInitProvider"
189-->[com.google.firebase:firebase-common:20.3.2] AndroidManifest.xml:26:13-77
190            android:authorities="com.ussia.vendor.firebaseinitprovider"
190-->[com.google.firebase:firebase-common:20.3.2] AndroidManifest.xml:27:13-72
191            android:directBootAware="true"
191-->[com.google.firebase:firebase-common:20.3.2] AndroidManifest.xml:28:13-43
192            android:exported="false"
192-->[com.google.firebase:firebase-common:20.3.2] AndroidManifest.xml:29:13-37
193            android:initOrder="100" />
193-->[com.google.firebase:firebase-common:20.3.2] AndroidManifest.xml:30:13-36
194
195        <meta-data
195-->[com.google.android.gms:play-services-basement:18.1.0] AndroidManifest.xml:21:9-23:69
196            android:name="com.google.android.gms.version"
196-->[com.google.android.gms:play-services-basement:18.1.0] AndroidManifest.xml:22:13-58
197            android:value="@integer/google_play_services_version" />
197-->[com.google.android.gms:play-services-basement:18.1.0] AndroidManifest.xml:23:13-66
198
199        <provider
199-->[androidx.emoji2:emoji2:1.0.0] AndroidManifest.xml:26:9-34:20
200            android:name="androidx.startup.InitializationProvider"
200-->[androidx.emoji2:emoji2:1.0.0] AndroidManifest.xml:27:13-67
201            android:authorities="com.ussia.vendor.androidx-startup"
201-->[androidx.emoji2:emoji2:1.0.0] AndroidManifest.xml:28:13-68
202            android:exported="false" >
202-->[androidx.emoji2:emoji2:1.0.0] AndroidManifest.xml:29:13-37
203            <meta-data
203-->[androidx.emoji2:emoji2:1.0.0] AndroidManifest.xml:31:13-33:52
204                android:name="androidx.emoji2.text.EmojiCompatInitializer"
204-->[androidx.emoji2:emoji2:1.0.0] AndroidManifest.xml:32:17-75
205                android:value="androidx.startup" />
205-->[androidx.emoji2:emoji2:1.0.0] AndroidManifest.xml:33:17-49
206            <meta-data
206-->[androidx.lifecycle:lifecycle-process:2.4.0] AndroidManifest.xml:31:13-33:52
207                android:name="androidx.lifecycle.ProcessLifecycleInitializer"
207-->[androidx.lifecycle:lifecycle-process:2.4.0] AndroidManifest.xml:32:17-78
208                android:value="androidx.startup" />
208-->[androidx.lifecycle:lifecycle-process:2.4.0] AndroidManifest.xml:33:17-49
209        </provider>
210
211        <service
211-->[com.google.android.datatransport:transport-backend-cct:3.1.8] AndroidManifest.xml:28:9-34:19
212            android:name="com.google.android.datatransport.runtime.backends.TransportBackendDiscovery"
212-->[com.google.android.datatransport:transport-backend-cct:3.1.8] AndroidManifest.xml:29:13-103
213            android:exported="false" >
213-->[com.google.android.datatransport:transport-backend-cct:3.1.8] AndroidManifest.xml:30:13-37
214            <meta-data
214-->[com.google.android.datatransport:transport-backend-cct:3.1.8] AndroidManifest.xml:31:13-33:39
215                android:name="backend:com.google.android.datatransport.cct.CctBackendFactory"
215-->[com.google.android.datatransport:transport-backend-cct:3.1.8] AndroidManifest.xml:32:17-94
216                android:value="cct" />
216-->[com.google.android.datatransport:transport-backend-cct:3.1.8] AndroidManifest.xml:33:17-36
217        </service>
218        <service
218-->[com.google.android.datatransport:transport-runtime:3.1.8] AndroidManifest.xml:26:9-30:19
219            android:name="com.google.android.datatransport.runtime.scheduling.jobscheduling.JobInfoSchedulerService"
219-->[com.google.android.datatransport:transport-runtime:3.1.8] AndroidManifest.xml:27:13-117
220            android:exported="false"
220-->[com.google.android.datatransport:transport-runtime:3.1.8] AndroidManifest.xml:28:13-37
221            android:permission="android.permission.BIND_JOB_SERVICE" >
221-->[com.google.android.datatransport:transport-runtime:3.1.8] AndroidManifest.xml:29:13-69
222        </service>
223
224        <receiver
224-->[com.google.android.datatransport:transport-runtime:3.1.8] AndroidManifest.xml:32:9-34:40
225            android:name="com.google.android.datatransport.runtime.scheduling.jobscheduling.AlarmManagerSchedulerBroadcastReceiver"
225-->[com.google.android.datatransport:transport-runtime:3.1.8] AndroidManifest.xml:33:13-132
226            android:exported="false" />
226-->[com.google.android.datatransport:transport-runtime:3.1.8] AndroidManifest.xml:34:13-37
227    </application>
228
229</manifest>